# JRE version: Java(TM) SE Runtime Environment (8.0_121-b13) (build 1.8.0_121-b13)
# Java VM: Java HotSpot(TM) 64-Bit Server VM (25.121-b13 mixed mode bsd-amd64 compressed oops)
Heap:
 PSYoungGen      total 64000K, used 51678K [0x0000000795580000, 0x000000079a200000, 0x00000007c0000000)
  eden space 52736K, 82% used [0x0000000795580000,0x0000000797fedc18,0x0000000798900000)
  from space 11264K, 73% used [0x0000000799700000,0x0000000799f09c00,0x000000079a200000)
  to   space 12800K, 0% used [0x0000000798900000,0x0000000798900000,0x0000000799580000)
 ParOldGen       total 57856K, used 24366K [0x0000000740000000, 0x0000000743880000, 0x0000000795580000)
  object space 57856K, 42% used [0x0000000740000000,0x00000007417cb880,0x0000000743880000)
 Metaspace       used 27250K, capacity 28802K, committed 29056K, reserved 1075200K
  class space    used 3844K, capacity 4130K, committed 4224K, reserved 1048576K
GC Heap History (10 events):
Event: 398.739 GC heap before
{Heap before GC invocations=8 (full 2):
 PSYoungGen      total 68608K, used 68576K [0x0000000795580000, 0x0000000799d80000, 0x00000007c0000000)
  eden space 63488K, 100% used [0x0000000795580000,0x0000000799380000,0x0000000799380000)
  from space 5120K, 99% used [0x0000000799680000,0x0000000799b78020,0x0000000799b80000)
  to   space 2048K, 0% used [0x0000000799b80000,0x0000000799b80000,0x0000000799d80000)
 ParOldGen       total 57856K, used 14198K [0x0000000740000000, 0x0000000743880000, 0x0000000795580000)
  object space 57856K, 24% used [0x0000000740000000,0x0000000740ddd860,0x0000000743880000)
 Metaspace       used 23747K, capacity 25230K, committed 25344K, reserved 1071104K
  class space    used 3487K, capacity 3764K, committed 3840K, reserved 1048576K
Event: 398.762 GC heap after
Heap after GC invocations=8 (full 2):
 PSYoungGen      total 58880K, used 2048K [0x0000000795580000, 0x000000079af00000, 0x00000007c0000000)
  eden space 56832K, 0% used [0x0000000795580000,0x0000000795580000,0x0000000798d00000)
  from space 2048K, 100% used [0x0000000799b80000,0x0000000799d80000,0x0000000799d80000)
  to   space 14848K, 0% used [0x0000000798d00000,0x0000000798d00000,0x0000000799b80000)
 ParOldGen       total 57856K, used 24334K [0x0000000740000000, 0x0000000743880000, 0x0000000795580000)
  object space 57856K, 42% used [0x0000000740000000,0x00000007417c3880,0x0000000743880000)
 Metaspace       used 23747K, capacity 25230K, committed 25344K, reserved 1071104K
  class space    used 3487K, capacity 3764K, committed 3840K, reserved 1048576K
}
Event: 586.218 GC heap before
{Heap before GC invocations=9 (full 2):
 PSYoungGen      total 58880K, used 58880K [0x0000000795580000, 0x000000079af00000, 0x00000007c0000000)
  eden space 56832K, 100% used [0x0000000795580000,0x0000000798d00000,0x0000000798d00000)
  from space 2048K, 100% used [0x0000000799b80000,0x0000000799d80000,0x0000000799d80000)
  to   space 14848K, 0% used [0x0000000798d00000,0x0000000798d00000,0x0000000799b80000)
 ParOldGen       total 57856K, used 24334K [0x0000000740000000, 0x0000000743880000, 0x0000000795580000)
  object space 57856K, 42% used [0x0000000740000000,0x00000007417c3880,0x0000000743880000)
 Metaspace       used 23748K, capacity 25230K, committed 25344K, reserved 1071104K
  class space    used 3487K, capacity 3764K, committed 3840K, reserved 1048576K
Event: 586.246 GC heap after
Heap after GC invocations=9 (full 2):
 PSYoungGen      total 64512K, used 8608K [0x0000000795580000, 0x000000079a800000, 0x00000007c0000000)
  eden space 55808K, 0% used [0x0000000795580000,0x0000000795580000,0x0000000798c00000)
  from space 8704K, 98% used [0x0000000798d00000,0x0000000799568000,0x0000000799580000)
  to   space 14336K, 0% used [0x0000000799a00000,0x0000000799a00000,0x000000079a800000)
 ParOldGen       total 57856K, used 24342K [0x0000000740000000, 0x0000000743880000, 0x0000000795580000)
  object space 57856K, 42% used [0x0000000740000000,0x00000007417c5880,0x0000000743880000)
 Metaspace       used 23748K, capacity 25230K, committed 25344K, reserved 1071104K
  class space    used 3487K, capacity 3764K, committed 3840K, reserved 1048576K
}
Event: 722.700 GC heap before
{Heap before GC invocations=10 (full 2):
 PSYoungGen      total 64512K, used 64416K [0x0000000795580000, 0x000000079a800000, 0x00000007c0000000)
  eden space 55808K, 100% used [0x0000000795580000,0x0000000798c00000,0x0000000798c00000)
  from space 8704K, 98% used [0x0000000798d00000,0x0000000799568000,0x0000000799580000)
  to   space 14336K, 0% used [0x0000000799a00000,0x0000000799a00000,0x000000079a800000)
 ParOldGen       total 57856K, used 24342K [0x0000000740000000, 0x0000000743880000, 0x0000000795580000)
  object space 57856K, 42% used [0x0000000740000000,0x00000007417c5880,0x0000000743880000)
 Metaspace       used 23838K, capacity 25312K, committed 25600K, reserved 1071104K
  class space    used 3498K, capacity 3767K, committed 3840K, reserved 1048576K
Event: 722.725 GC heap after
Heap after GC invocations=10 (full 2):
 PSYoungGen      total 67072K, used 6848K [0x0000000795580000, 0x000000079a600000, 0x00000007c0000000)
  eden space 54784K, 0% used [0x0000000795580000,0x0000000795580000,0x0000000798b00000)
  from space 12288K, 55% used [0x0000000799a00000,0x000000079a0b0000,0x000000079a600000)
  to   space 13824K, 0% used [0x0000000798b00000,0x0000000798b00000,0x0000000799880000)
 ParOldGen       total 57856K, used 24350K [0x0000000740000000, 0x0000000743880000, 0x0000000795580000)
  object space 57856K, 42% used [0x0000000740000000,0x00000007417c7880,0x0000000743880000)
 Metaspace       used 23838K, capacity 25312K, committed 25600K, reserved 1071104K
  class space    used 3498K, capacity 3767K, committed 3840K, reserved 1048576K
}
Event: 883.732 GC heap before
{Heap before GC invocations=11 (full 2):
 PSYoungGen      total 67072K, used 61632K [0x0000000795580000, 0x000000079a600000, 0x00000007c0000000)
  eden space 54784K, 100% used [0x0000000795580000,0x0000000798b00000,0x0000000798b00000)
  from space 12288K, 55% used [0x0000000799a00000,0x000000079a0b0000,0x000000079a600000)
  to   space 13824K, 0% used [0x0000000798b00000,0x0000000798b00000,0x0000000799880000)
 ParOldGen       total 57856K, used 24350K [0x0000000740000000, 0x0000000743880000, 0x0000000795580000)
  object space 57856K, 42% used [0x0000000740000000,0x00000007417c7880,0x0000000743880000)
 Metaspace       used 23862K, capacity 25312K, committed 25600K, reserved 1071104K
  class space    used 3498K, capacity 3767K, committed 3840K, reserved 1048576K
Event: 883.753 GC heap after
Heap after GC invocations=11 (full 2):
 PSYoungGen      total 61952K, used 7744K [0x0000000795580000, 0x000000079a400000, 0x00000007c0000000)
  eden space 53760K, 0% used [0x0000000795580000,0x0000000795580000,0x0000000798a00000)
  from space 8192K, 94% used [0x0000000798b00000,0x0000000799290000,0x0000000799300000)
  to   space 13312K, 0% used [0x0000000799700000,0x0000000799700000,0x000000079a400000)
 ParOldGen       total 57856K, used 24358K [0x0000000740000000, 0x0000000743880000, 0x0000000795580000)
  object space 57856K, 42% used [0x0000000740000000,0x00000007417c9880,0x0000000743880000)
 Metaspace       used 23862K, capacity 25312K, committed 25600K, reserved 1071104K
  class space    used 3498K, capacity 3767K, committed 3840K, reserved 1048576K
}
Event: 967.214 GC heap before
{Heap before GC invocations=12 (full 2):
 PSYoungGen      total 61952K, used 61504K [0x0000000795580000, 0x000000079a400000, 0x00000007c0000000)
  eden space 53760K, 100% used [0x0000000795580000,0x0000000798a00000,0x0000000798a00000)
  from space 8192K, 94% used [0x0000000798b00000,0x0000000799290000,0x0000000799300000)
  to   space 13312K, 0% used [0x0000000799700000,0x0000000799700000,0x000000079a400000)
 ParOldGen       total 57856K, used 24358K [0x0000000740000000, 0x0000000743880000, 0x0000000795580000)
  object space 57856K, 42% used [0x0000000740000000,0x00000007417c9880,0x0000000743880000)
 Metaspace       used 27152K, capacity 28674K, committed 28800K, reserved 1073152K
  class space    used 3844K, capacity 4130K, committed 4224K, reserved 1048576K
Event: 967.237 GC heap after
Heap after GC invocations=12 (full 2):
 PSYoungGen      total 64000K, used 8231K [0x0000000795580000, 0x000000079a200000, 0x00000007c0000000)
  eden space 52736K, 0% used [0x0000000795580000,0x0000000795580000,0x0000000798900000)
  from space 11264K, 73% used [0x0000000799700000,0x0000000799f09c00,0x000000079a200000)
  to   space 12800K, 0% used [0x0000000798900000,0x0000000798900000,0x0000000799580000)
 ParOldGen       total 57856K, used 24366K [0x0000000740000000, 0x0000000743880000, 0x0000000795580000)
  object space 57856K, 42% used [0x0000000740000000,0x00000007417cb880,0x0000000743880000)
 Metaspace       used 27152K, capacity 28674K, committed 28800K, reserved 1073152K
  class space    used 3844K, capacity 4130K, committed 4224K, reserved 1048576K
}

