# JRE version: Java(TM) SE Runtime Environment (8.0_121-b13) (build 1.8.0_121-b13)
# Java VM: Java HotSpot(TM) 64-Bit Server VM (25.121-b13 mixed mode bsd-amd64 compressed oops)
Heap:
 PSYoungGen      total 51712K, used 21096K [0x0000000795580000, 0x000000079a080000, 0x00000007c0000000)
  eden space 46592K, 34% used [0x0000000795580000,0x00000007965222e8,0x0000000798300000)
  from space 5120K, 99% used [0x0000000799b80000,0x000000079a078020,0x000000079a080000)
  to   space 5120K, 0% used [0x0000000799680000,0x0000000799680000,0x0000000799b80000)
 ParOldGen       total 58368K, used 8375K [0x0000000740000000, 0x0000000743900000, 0x0000000795580000)
  object space 58368K, 14% used [0x0000000740000000,0x000000074082dc00,0x0000000743900000)
 Metaspace       used 23769K, capacity 25334K, committed 25600K, reserved 1071104K
  class space    used 3502K, capacity 3776K, committed 3840K, reserved 1048576K
GC Heap History (10 events):
Event: 0.591 GC heap before
{Heap before GC invocations=2 (full 1):
 PSYoungGen      total 38400K, used 1728K [0x0000000795580000, 0x0000000798000000, 0x00000007c0000000)
  eden space 33280K, 0% used [0x0000000795580000,0x0000000795580000,0x0000000797600000)
  from space 5120K, 33% used [0x0000000797600000,0x00000007977b0020,0x0000000797b00000)
  to   space 5120K, 0% used [0x0000000797b00000,0x0000000797b00000,0x0000000798000000)
 ParOldGen       total 87552K, used 8K [0x0000000740000000, 0x0000000745580000, 0x0000000795580000)
  object space 87552K, 0% used [0x0000000740000000,0x0000000740002000,0x0000000745580000)
 Metaspace       used 7223K, capacity 7538K, committed 7680K, reserved 1056768K
  class space    used 835K, capacity 961K, committed 1024K, reserved 1048576K
Event: 0.608 GC heap after
Heap after GC invocations=2 (full 1):
 PSYoungGen      total 38400K, used 0K [0x0000000795580000, 0x0000000798000000, 0x00000007c0000000)
  eden space 33280K, 0% used [0x0000000795580000,0x0000000795580000,0x0000000797600000)
  from space 5120K, 0% used [0x0000000797600000,0x0000000797600000,0x0000000797b00000)
  to   space 5120K, 0% used [0x0000000797b00000,0x0000000797b00000,0x0000000798000000)
 ParOldGen       total 87552K, used 1603K [0x0000000740000000, 0x0000000745580000, 0x0000000795580000)
  object space 87552K, 1% used [0x0000000740000000,0x0000000740190e78,0x0000000745580000)
 Metaspace       used 7223K, capacity 7538K, committed 7680K, reserved 1056768K
  class space    used 835K, capacity 961K, committed 1024K, reserved 1048576K
}
Event: 1.872 GC heap before
{Heap before GC invocations=3 (full 1):
 PSYoungGen      total 38400K, used 33280K [0x0000000795580000, 0x0000000798000000, 0x00000007c0000000)
  eden space 33280K, 100% used [0x0000000795580000,0x0000000797600000,0x0000000797600000)
  from space 5120K, 0% used [0x0000000797600000,0x0000000797600000,0x0000000797b00000)
  to   space 5120K, 0% used [0x0000000797b00000,0x0000000797b00000,0x0000000798000000)
 ParOldGen       total 87552K, used 1603K [0x0000000740000000, 0x0000000745580000, 0x0000000795580000)
  object space 87552K, 1% used [0x0000000740000000,0x0000000740190e78,0x0000000745580000)
 Metaspace       used 18637K, capacity 19490K, committed 19712K, reserved 1067008K
  class space    used 2810K, capacity 3016K, committed 3072K, reserved 1048576K
Event: 1.882 GC heap after
Heap after GC invocations=3 (full 1):
 PSYoungGen      total 38400K, used 5091K [0x0000000795580000, 0x0000000798000000, 0x00000007c0000000)
  eden space 33280K, 0% used [0x0000000795580000,0x0000000795580000,0x0000000797600000)
  from space 5120K, 99% used [0x0000000797b00000,0x0000000797ff8c28,0x0000000798000000)
  to   space 5120K, 0% used [0x0000000797600000,0x0000000797600000,0x0000000797b00000)
 ParOldGen       total 87552K, used 1818K [0x0000000740000000, 0x0000000745580000, 0x0000000795580000)
  object space 87552K, 2% used [0x0000000740000000,0x00000007401c69c0,0x0000000745580000)
 Metaspace       used 18637K, capacity 19490K, committed 19712K, reserved 1067008K
  class space    used 2810K, capacity 3016K, committed 3072K, reserved 1048576K
}
Event: 2.107 GC heap before
{Heap before GC invocations=4 (full 1):
 PSYoungGen      total 38400K, used 11348K [0x0000000795580000, 0x0000000798000000, 0x00000007c0000000)
  eden space 33280K, 18% used [0x0000000795580000,0x0000000795b9c508,0x0000000797600000)
  from space 5120K, 99% used [0x0000000797b00000,0x0000000797ff8c28,0x0000000798000000)
  to   space 5120K, 0% used [0x0000000797600000,0x0000000797600000,0x0000000797b00000)
 ParOldGen       total 87552K, used 1818K [0x0000000740000000, 0x0000000745580000, 0x0000000795580000)
  object space 87552K, 2% used [0x0000000740000000,0x00000007401c69c0,0x0000000745580000)
 Metaspace       used 20104K, capacity 21190K, committed 21248K, reserved 1067008K
  class space    used 3082K, capacity 3308K, committed 3328K, reserved 1048576K
Event: 2.117 GC heap after
Heap after GC invocations=4 (full 1):
 PSYoungGen      total 38400K, used 5092K [0x0000000795580000, 0x000000079a080000, 0x00000007c0000000)
  eden space 33280K, 0% used [0x0000000795580000,0x0000000795580000,0x0000000797600000)
  from space 5120K, 99% used [0x0000000797600000,0x0000000797af9290,0x0000000797b00000)
  to   space 5120K, 0% used [0x0000000799b80000,0x0000000799b80000,0x000000079a080000)
 ParOldGen       total 87552K, used 2079K [0x0000000740000000, 0x0000000745580000, 0x0000000795580000)
  object space 87552K, 2% used [0x0000000740000000,0x0000000740207d70,0x0000000745580000)
 Metaspace       used 20104K, capacity 21190K, committed 21248K, reserved 1067008K
  class space    used 3082K, capacity 3308K, committed 3328K, reserved 1048576K
}
Event: 2.117 GC heap before
{Heap before GC invocations=5 (full 2):
 PSYoungGen      total 38400K, used 5092K [0x0000000795580000, 0x000000079a080000, 0x00000007c0000000)
  eden space 33280K, 0% used [0x0000000795580000,0x0000000795580000,0x0000000797600000)
  from space 5120K, 99% used [0x0000000797600000,0x0000000797af9290,0x0000000797b00000)
  to   space 5120K, 0% used [0x0000000799b80000,0x0000000799b80000,0x000000079a080000)
 ParOldGen       total 87552K, used 2079K [0x0000000740000000, 0x0000000745580000, 0x0000000795580000)
  object space 87552K, 2% used [0x0000000740000000,0x0000000740207d70,0x0000000745580000)
 Metaspace       used 20104K, capacity 21190K, committed 21248K, reserved 1067008K
  class space    used 3082K, capacity 3308K, committed 3328K, reserved 1048576K
Event: 2.156 GC heap after
Heap after GC invocations=5 (full 2):
 PSYoungGen      total 38400K, used 0K [0x0000000795580000, 0x000000079a080000, 0x00000007c0000000)
  eden space 33280K, 0% used [0x0000000795580000,0x0000000795580000,0x0000000797600000)
  from space 5120K, 0% used [0x0000000797600000,0x0000000797600000,0x0000000797b00000)
  to   space 5120K, 0% used [0x0000000799b80000,0x0000000799b80000,0x000000079a080000)
 ParOldGen       total 58368K, used 6889K [0x0000000740000000, 0x0000000743900000, 0x0000000795580000)
  object space 58368K, 11% used [0x0000000740000000,0x00000007406ba610,0x0000000743900000)
 Metaspace       used 20104K, capacity 21190K, committed 21248K, reserved 1067008K
  class space    used 3082K, capacity 3308K, committed 3328K, reserved 1048576K
}
Event: 64.943 GC heap before
{Heap before GC invocations=6 (full 2):
 PSYoungGen      total 38400K, used 33280K [0x0000000795580000, 0x000000079a080000, 0x00000007c0000000)
  eden space 33280K, 100% used [0x0000000795580000,0x0000000797600000,0x0000000797600000)
  from space 5120K, 0% used [0x0000000797600000,0x0000000797600000,0x0000000797b00000)
  to   space 5120K, 0% used [0x0000000799b80000,0x0000000799b80000,0x000000079a080000)
 ParOldGen       total 58368K, used 6889K [0x0000000740000000, 0x0000000743900000, 0x0000000795580000)
  object space 58368K, 11% used [0x0000000740000000,0x00000007406ba610,0x0000000743900000)
 Metaspace       used 23452K, capacity 24958K, committed 25088K, reserved 1071104K
  class space    used 3476K, capacity 3740K, committed 3840K, reserved 1048576K
Event: 64.957 GC heap after
Heap after GC invocations=6 (full 2):
 PSYoungGen      total 51712K, used 5088K [0x0000000795580000, 0x000000079a080000, 0x00000007c0000000)
  eden space 46592K, 0% used [0x0000000795580000,0x0000000795580000,0x0000000798300000)
  from space 5120K, 99% used [0x0000000799b80000,0x000000079a078020,0x000000079a080000)
  to   space 5120K, 0% used [0x0000000799680000,0x0000000799680000,0x0000000799b80000)
 ParOldGen       total 58368K, used 8375K [0x0000000740000000, 0x0000000743900000, 0x0000000795580000)
  object space 58368K, 14% used [0x0000000740000000,0x000000074082dc00,0x0000000743900000)
 Metaspace       used 23452K, capacity 24958K, committed 25088K, reserved 1071104K
  class space    used 3476K, capacity 3740K, committed 3840K, reserved 1048576K
}

