# JRE version: Java(TM) SE Runtime Environment (8.0_121-b13) (build 1.8.0_121-b13)
# Java VM: Java HotSpot(TM) 64-Bit Server VM (25.121-b13 mixed mode bsd-amd64 compressed oops)
Heap:
 PSYoungGen      total 38400K, used 27644K [0x0000000795580000, 0x000000079a080000, 0x00000007c0000000)
  eden space 33280K, 83% used [0x0000000795580000,0x000000079707f230,0x0000000797600000)
  from space 5120K, 0% used [0x0000000797600000,0x0000000797600000,0x0000000797b00000)
  to   space 5120K, 0% used [0x0000000799b80000,0x0000000799b80000,0x000000079a080000)
 ParOldGen       total 56320K, used 6909K [0x0000000740000000, 0x0000000743700000, 0x0000000795580000)
  object space 56320K, 12% used [0x0000000740000000,0x00000007406bf480,0x0000000743700000)
 Metaspace       used 22859K, capacity 24348K, committed 24448K, reserved 1071104K
  class space    used 3406K, capacity 3665K, committed 3712K, reserved 1048576K
GC Heap History (10 events):
Event: 3.859 GC heap before
{Heap before GC invocations=1 (full 0):
 PSYoungGen      total 38400K, used 11119K [0x0000000795580000, 0x0000000798000000, 0x00000007c0000000)
  eden space 33280K, 33% used [0x0000000795580000,0x000000079605bdf0,0x0000000797600000)
  from space 5120K, 0% used [0x0000000797b00000,0x0000000797b00000,0x0000000798000000)
  to   space 5120K, 0% used [0x0000000797600000,0x0000000797600000,0x0000000797b00000)
 ParOldGen       total 87552K, used 0K [0x0000000740000000, 0x0000000745580000, 0x0000000795580000)
  object space 87552K, 0% used [0x0000000740000000,0x0000000740000000,0x0000000745580000)
 Metaspace       used 7215K, capacity 7474K, committed 7680K, reserved 1056768K
  class space    used 835K, capacity 961K, committed 1024K, reserved 1048576K
Event: 3.862 GC heap after
Heap after GC invocations=1 (full 0):
 PSYoungGen      total 38400K, used 1696K [0x0000000795580000, 0x0000000798000000, 0x00000007c0000000)
  eden space 33280K, 0% used [0x0000000795580000,0x0000000795580000,0x0000000797600000)
  from space 5120K, 33% used [0x0000000797600000,0x00000007977a8020,0x0000000797b00000)
  to   space 5120K, 0% used [0x0000000797b00000,0x0000000797b00000,0x0000000798000000)
 ParOldGen       total 87552K, used 8K [0x0000000740000000, 0x0000000745580000, 0x0000000795580000)
  object space 87552K, 0% used [0x0000000740000000,0x0000000740002000,0x0000000745580000)
 Metaspace       used 7215K, capacity 7474K, committed 7680K, reserved 1056768K
  class space    used 835K, capacity 961K, committed 1024K, reserved 1048576K
}
Event: 3.862 GC heap before
{Heap before GC invocations=2 (full 1):
 PSYoungGen      total 38400K, used 1696K [0x0000000795580000, 0x0000000798000000, 0x00000007c0000000)
  eden space 33280K, 0% used [0x0000000795580000,0x0000000795580000,0x0000000797600000)
  from space 5120K, 33% used [0x0000000797600000,0x00000007977a8020,0x0000000797b00000)
  to   space 5120K, 0% used [0x0000000797b00000,0x0000000797b00000,0x0000000798000000)
 ParOldGen       total 87552K, used 8K [0x0000000740000000, 0x0000000745580000, 0x0000000795580000)
  object space 87552K, 0% used [0x0000000740000000,0x0000000740002000,0x0000000745580000)
 Metaspace       used 7215K, capacity 7474K, committed 7680K, reserved 1056768K
  class space    used 835K, capacity 961K, committed 1024K, reserved 1048576K
Event: 3.873 GC heap after
Heap after GC invocations=2 (full 1):
 PSYoungGen      total 38400K, used 0K [0x0000000795580000, 0x0000000798000000, 0x00000007c0000000)
  eden space 33280K, 0% used [0x0000000795580000,0x0000000795580000,0x0000000797600000)
  from space 5120K, 0% used [0x0000000797600000,0x0000000797600000,0x0000000797b00000)
  to   space 5120K, 0% used [0x0000000797b00000,0x0000000797b00000,0x0000000798000000)
 ParOldGen       total 87552K, used 1603K [0x0000000740000000, 0x0000000745580000, 0x0000000795580000)
  object space 87552K, 1% used [0x0000000740000000,0x0000000740190cf0,0x0000000745580000)
 Metaspace       used 7215K, capacity 7474K, committed 7680K, reserved 1056768K
  class space    used 835K, capacity 961K, committed 1024K, reserved 1048576K
}
Event: 5.134 GC heap before
{Heap before GC invocations=3 (full 1):
 PSYoungGen      total 38400K, used 33280K [0x0000000795580000, 0x0000000798000000, 0x00000007c0000000)
  eden space 33280K, 100% used [0x0000000795580000,0x0000000797600000,0x0000000797600000)
  from space 5120K, 0% used [0x0000000797600000,0x0000000797600000,0x0000000797b00000)
  to   space 5120K, 0% used [0x0000000797b00000,0x0000000797b00000,0x0000000798000000)
 ParOldGen       total 87552K, used 1603K [0x0000000740000000, 0x0000000745580000, 0x0000000795580000)
  object space 87552K, 1% used [0x0000000740000000,0x0000000740190cf0,0x0000000745580000)
 Metaspace       used 18399K, capacity 19160K, committed 19328K, reserved 1064960K
  class space    used 2736K, capacity 2927K, committed 2944K, reserved 1048576K
Event: 5.143 GC heap after
Heap after GC invocations=3 (full 1):
 PSYoungGen      total 38400K, used 5097K [0x0000000795580000, 0x0000000798000000, 0x00000007c0000000)
  eden space 33280K, 0% used [0x0000000795580000,0x0000000795580000,0x0000000797600000)
  from space 5120K, 99% used [0x0000000797b00000,0x0000000797ffa698,0x0000000798000000)
  to   space 5120K, 0% used [0x0000000797600000,0x0000000797600000,0x0000000797b00000)
 ParOldGen       total 87552K, used 1901K [0x0000000740000000, 0x0000000745580000, 0x0000000795580000)
  object space 87552K, 2% used [0x0000000740000000,0x00000007401db5a8,0x0000000745580000)
 Metaspace       used 18399K, capacity 19160K, committed 19328K, reserved 1064960K
  class space    used 2736K, capacity 2927K, committed 2944K, reserved 1048576K
}
Event: 5.410 GC heap before
{Heap before GC invocations=4 (full 1):
 PSYoungGen      total 38400K, used 12052K [0x0000000795580000, 0x0000000798000000, 0x00000007c0000000)
  eden space 33280K, 20% used [0x0000000795580000,0x0000000795c4a9c0,0x0000000797600000)
  from space 5120K, 99% used [0x0000000797b00000,0x0000000797ffa698,0x0000000798000000)
  to   space 5120K, 0% used [0x0000000797600000,0x0000000797600000,0x0000000797b00000)
 ParOldGen       total 87552K, used 1901K [0x0000000740000000, 0x0000000745580000, 0x0000000795580000)
  object space 87552K, 2% used [0x0000000740000000,0x00000007401db5a8,0x0000000745580000)
 Metaspace       used 20031K, capacity 21128K, committed 21248K, reserved 1067008K
  class space    used 3066K, capacity 3271K, committed 3328K, reserved 1048576K
Event: 5.422 GC heap after
Heap after GC invocations=4 (full 1):
 PSYoungGen      total 38400K, used 5108K [0x0000000795580000, 0x000000079a080000, 0x00000007c0000000)
  eden space 33280K, 0% used [0x0000000795580000,0x0000000795580000,0x0000000797600000)
  from space 5120K, 99% used [0x0000000797600000,0x0000000797afd280,0x0000000797b00000)
  to   space 5120K, 0% used [0x0000000799b80000,0x0000000799b80000,0x000000079a080000)
 ParOldGen       total 87552K, used 2138K [0x0000000740000000, 0x0000000745580000, 0x0000000795580000)
  object space 87552K, 2% used [0x0000000740000000,0x0000000740216808,0x0000000745580000)
 Metaspace       used 20031K, capacity 21128K, committed 21248K, reserved 1067008K
  class space    used 3066K, capacity 3271K, committed 3328K, reserved 1048576K
}
Event: 5.422 GC heap before
{Heap before GC invocations=5 (full 2):
 PSYoungGen      total 38400K, used 5108K [0x0000000795580000, 0x000000079a080000, 0x00000007c0000000)
  eden space 33280K, 0% used [0x0000000795580000,0x0000000795580000,0x0000000797600000)
  from space 5120K, 99% used [0x0000000797600000,0x0000000797afd280,0x0000000797b00000)
  to   space 5120K, 0% used [0x0000000799b80000,0x0000000799b80000,0x000000079a080000)
 ParOldGen       total 87552K, used 2138K [0x0000000740000000, 0x0000000745580000, 0x0000000795580000)
  object space 87552K, 2% used [0x0000000740000000,0x0000000740216808,0x0000000745580000)
 Metaspace       used 20031K, capacity 21128K, committed 21248K, reserved 1067008K
  class space    used 3066K, capacity 3271K, committed 3328K, reserved 1048576K
Event: 5.456 GC heap after
Heap after GC invocations=5 (full 2):
 PSYoungGen      total 38400K, used 0K [0x0000000795580000, 0x000000079a080000, 0x00000007c0000000)
  eden space 33280K, 0% used [0x0000000795580000,0x0000000795580000,0x0000000797600000)
  from space 5120K, 0% used [0x0000000797600000,0x0000000797600000,0x0000000797b00000)
  to   space 5120K, 0% used [0x0000000799b80000,0x0000000799b80000,0x000000079a080000)
 ParOldGen       total 56320K, used 6909K [0x0000000740000000, 0x0000000743700000, 0x0000000795580000)
  object space 56320K, 12% used [0x0000000740000000,0x00000007406bf480,0x0000000743700000)
 Metaspace       used 20031K, capacity 21128K, committed 21248K, reserved 1067008K
  class space    used 3066K, capacity 3271K, committed 3328K, reserved 1048576K
}

